<?xml version="1.0" encoding="UTF-8"?>
<!-- Generated by org.testng.reporters.JUnitXMLReporter -->
<testsuite ignored="0" hostname="rishb-singh" failures="0" tests="7" name="Default test" time="48.089" errors="0" timestamp="2025-05-07T01:28:58 IST">
  <testcase classname="testcases.Program" name="Login" time="12.677"/>
  <testcase classname="testcases.Program" name="CreateFreeProgram" time="9.572"/>
  <testcase classname="testcases.Program" name="AddUserInProgram" time="7.82"/>
  <testcase classname="testcases.Program" name="DeleteUserInProgram" time="1.302"/>
  <testcase classname="testcases.Program" name="AddHashtags" time="2.637"/>
  <testcase classname="testcases.Program" name="GeneralSection" time="2.313"/>
  <testcase classname="testcases.Program" name="DeleteProgram" time="2.702"/>
</testsuite> <!-- Default test -->
