<?xml version="1.0" encoding="UTF-8"?>
<!-- Generated by org.testng.reporters.JUnitXMLReporter -->
<testsuite ignored="0" hostname="Rishabh" failures="0" tests="8" name="Default test" time="53.773" errors="0" timestamp="2024-07-13T00:29:05 IST">
  <testcase classname="testcases.Program" name="login" time="19.259"/>
  <testcase classname="testcases.Program" name="createFreeProgram" time="10.088"/>
  <testcase classname="testcases.Program" name="addUserInProgram" time="4.148"/>
  <testcase classname="testcases.Program" name="deleteUserInProgram" time="0.553"/>
  <testcase classname="testcases.Program" name="permission" time="1.485"/>
  <testcase classname="testcases.Program" name="addHashtags" time="1.431"/>
  <testcase classname="testcases.Program" name="GeneralSection" time="1.628"/>
  <testcase classname="testcases.Program" name="DeleteProgram" time="6.031"/>
</testsuite> <!-- Default test -->
