<?xml version="1.0" encoding="UTF-8"?>
<!-- Generated by org.testng.reporters.JUnitXMLReporter -->
<testsuite ignored="0" hostname="rishb-singh" failures="0" tests="7" name="Program" time="65.05" errors="0" timestamp="2025-05-07T18:37:15 IST">
  <testcase classname="testcases.Program" name="Login" time="15.483"/>
  <testcase classname="testcases.Program" name="CreateFreeProgram" time="13.318"/>
  <testcase classname="testcases.Program" name="AddUserInProgram" time="7.909"/>
  <testcase classname="testcases.Program" name="DeleteUserInProgram" time="1.864"/>
  <testcase classname="testcases.Program" name="AddHashtags" time="2.962"/>
  <testcase classname="testcases.Program" name="GeneralSection" time="2.602"/>
  <testcase classname="testcases.Program" name="DeleteProgram" time="3.081"/>
</testsuite> <!-- Program -->
