<?xml version="1.0" encoding="UTF-8"?>
<!-- Generated by org.testng.reporters.JUnitXMLReporter -->
<testsuite ignored="0" hostname="Rishabh" failures="0" tests="8" name="Program" time="45.572" errors="0" timestamp="2024-07-13T00:31:11 IST">
  <testcase classname="testcases.Program" name="login" time="15.947"/>
  <testcase classname="testcases.Program" name="createFreeProgram" time="6.549"/>
  <testcase classname="testcases.Program" name="addUserInProgram" time="3.418"/>
  <testcase classname="testcases.Program" name="deleteUserInProgram" time="0.252"/>
  <testcase classname="testcases.Program" name="permission" time="1.399"/>
  <testcase classname="testcases.Program" name="addHashtags" time="1.19"/>
  <testcase classname="testcases.Program" name="GeneralSection" time="2.109"/>
  <testcase classname="testcases.Program" name="DeleteProgram" time="5.872"/>
</testsuite> <!-- Program -->
