<?xml version="1.0" encoding="UTF-8"?>
<testng-results ignored="0" total="1" passed="1" failed="0" skipped="0">
  <reporter-output>
  </reporter-output>
  <suite started-at="2024-07-06T02:05:56 IST" name="Default suite" finished-at="2024-07-06T02:06:15 IST" duration-ms="19081">
    <groups>
    </groups>
    <test started-at="2024-07-06T02:05:56 IST" name="Default test" finished-at="2024-07-06T02:06:15 IST" duration-ms="19081">
      <class name="testcases.Login">
        <test-method is-config="true" signature="loadConfig()[pri:0, instance:testcases.Login@428640fa]" started-at="2024-07-06T02:05:56 IST" name="loadConfig" finished-at="2024-07-06T02:05:56 IST" duration-ms="5" status="PASS">
          <reporter-output>
          </reporter-output>
        </test-method> <!-- loadConfig -->
        <test-method is-config="true" signature="setup()[pri:0, instance:testcases.Login@428640fa]" started-at="2024-07-06T02:05:56 IST" name="setup" finished-at="2024-07-06T02:06:02 IST" duration-ms="6148" status="PASS">
          <reporter-output>
          </reporter-output>
        </test-method> <!-- setup -->
        <test-method signature="login()[pri:0, instance:testcases.Login@428640fa]" started-at="2024-07-06T02:06:02 IST" name="login" finished-at="2024-07-06T02:06:15 IST" duration-ms="12530" status="PASS">
          <reporter-output>
          </reporter-output>
        </test-method> <!-- login -->
        <test-method is-config="true" signature="closeBrowser()[pri:0, instance:testcases.Login@428640fa]" started-at="2024-07-06T02:06:15 IST" name="closeBrowser" finished-at="2024-07-06T02:06:15 IST" duration-ms="375" status="PASS">
          <reporter-output>
          </reporter-output>
        </test-method> <!-- closeBrowser -->
      </class> <!-- testcases.Login -->
    </test> <!-- Default test -->
  </suite> <!-- Default suite -->
</testng-results>
